<?xml version="1.0" encoding="UTF-8"?>
<testsuite xmlns:xsi="http://www.w3.org/2001/XMLSchema-instance" xsi:noNamespaceSchemaLocation="https://maven.apache.org/surefire/maven-surefire-plugin/xsd/surefire-test-report-3.0.xsd" version="3.0" name="com.cpl.jumpstart.JumpstartApplicationTests" time="6.55" tests="1" errors="0" skipped="0" failures="0">
  <properties>
[...]
</properties>
  <testcase name="contextLoads" classname="com.cpl.jumpstart.JumpstartApplicationTests" time="0.485">
    <system-out><![CDATA[14:04:27.773 [main] INFO org.springframework.test.context.support.AnnotationConfigContextLoaderUtils -- Could not detect default configuration classes for test class [com.cpl.jumpstart.JumpstartApplicationTests]: JumpstartApplicationTests does not declare any static, non-private, non-final, nested classes annotated with @Configuration.
14:04:27.854 [main] INFO org.springframework.boot.test.context.SpringBootTestContextBootstrapper -- Found @SpringBootConfiguration com.cpl.jumpstart.JumpstartApplication for test class com.cpl.jumpstart.JumpstartApplicationTests

  .   ____          _            __ _ _
 /\\ / ___'_ __ _ _(_)_ __  __ _ \ \ \ \
( ( )\___ | '_ | '_| | '_ \/ _` | \ \ \ \
 \\/  ___)| |_)| | | | | || (_| |  ) ) ) )
  '  |____| .__|_| |_|_| |_\__, | / / / /
 =========|_|==============|___/=/_/_/_/
 :: Spring Boot ::                (v3.1.1)

2025-05-01T14:04:28.225+07:00  INFO 10096 --- [           main] c.c.jumpstart.JumpstartApplicationTests  : Starting JumpstartApplicationTests using Java 17.0.12 with PID 10096 (started by TUF in D:\source_code\java_projects\inventory-management_backend)
2025-05-01T14:04:28.227+07:00  INFO 10096 --- [           main] c.c.jumpstart.JumpstartApplicationTests  : No active profile set, falling back to 1 default profile: "default"
2025-05-01T14:04:28.850+07:00  INFO 10096 --- [           main] .s.d.r.c.RepositoryConfigurationDelegate : Bootstrapping Spring Data JPA repositories in DEFAULT mode.
2025-05-01T14:04:28.932+07:00  INFO 10096 --- [           main] .s.d.r.c.RepositoryConfigurationDelegate : Finished Spring Data repository scanning in 75 ms. Found 13 JPA repository interfaces.
2025-05-01T14:04:29.474+07:00  INFO 10096 --- [           main] o.hibernate.jpa.internal.util.LogHelper  : HHH000204: Processing PersistenceUnitInfo [name: default]
2025-05-01T14:04:29.612+07:00  INFO 10096 --- [           main] org.hibernate.Version                    : HHH000412: Hibernate ORM core version 6.2.5.Final
2025-05-01T14:04:29.615+07:00  INFO 10096 --- [           main] org.hibernate.cfg.Environment            : HHH000406: Using bytecode reflection optimizer
2025-05-01T14:04:29.846+07:00  INFO 10096 --- [           main] o.h.b.i.BytecodeProviderInitiator        : HHH000021: Bytecode provider name : bytebuddy
2025-05-01T14:04:29.973+07:00  INFO 10096 --- [           main] o.s.o.j.p.SpringPersistenceUnitInfo      : No LoadTimeWeaver setup: ignoring JPA class transformer
2025-05-01T14:04:30.005+07:00  INFO 10096 --- [           main] com.zaxxer.hikari.HikariDataSource       : HikariPool-1 - Starting...
2025-05-01T14:04:30.165+07:00  INFO 10096 --- [           main] com.zaxxer.hikari.pool.HikariPool        : HikariPool-1 - Added connection com.mysql.cj.jdbc.ConnectionImpl@23b71d24
2025-05-01T14:04:30.167+07:00  INFO 10096 --- [           main] com.zaxxer.hikari.HikariDataSource       : HikariPool-1 - Start completed.
2025-05-01T14:04:30.198+07:00  WARN 10096 --- [           main] org.hibernate.orm.deprecation            : HHH90000026: MySQL8Dialect has been deprecated; use org.hibernate.dialect.MySQLDialect instead
2025-05-01T14:04:30.432+07:00  INFO 10096 --- [           main] o.h.b.i.BytecodeProviderInitiator        : HHH000021: Bytecode provider name : bytebuddy
2025-05-01T14:04:31.124+07:00  INFO 10096 --- [           main] o.h.e.t.j.p.i.JtaPlatformInitiator       : HHH000490: Using JtaPlatform implementation: [org.hibernate.engine.transaction.jta.platform.internal.NoJtaPlatform]
Hibernate: 
    alter table tb_customer_transaction 
       modify column total_amount  float(53) not null
Hibernate: 
    alter table tb_customer_transaction 
       modify column transaction_status  enum ('COMPLETED','DELIVER','PENDING','PROCESS') not null
Hibernate: 
    alter table tb_outlets 
       modify column total_expenses  float(53) not null
Hibernate: 
    alter table tb_outlets 
       modify column total_revenue  float(53) not null
Hibernate: 
    alter table tb_payment_token 
       modify column token  TEXT not null
Hibernate: 
    alter table tb_products 
       modify column costs  float(53) not null
Hibernate: 
    alter table tb_products 
       modify column datetime  datetime(6) not null
Hibernate: 
    alter table tb_products 
       modify column prices  float(53) not null
Hibernate: 
    alter table tb_products 
       modify column product_pic  LONGBLOB not null
Hibernate: 
    alter table tb_purchases 
       modify column purchases_status  enum ('APPROVED','ARRIVED','COMPLETED','PENDING') not null
Hibernate: 
    alter table tb_purchases 
       modify column total_amount  float(53) not null
Hibernate: 
    alter table tb_tokens 
       modify column token_type  enum ('BEARER')
Hibernate: 
    alter table tb_users 
       modify column user_role  enum ('STORE_ADMIN','SUPER_ADMIN') not null
2025-05-01T14:04:31.361+07:00  INFO 10096 --- [           main] j.LocalContainerEntityManagerFactoryBean : Initialized JPA EntityManagerFactory for persistence unit 'default'
2025-05-01T14:04:31.753+07:00  INFO 10096 --- [           main] o.s.d.j.r.query.QueryEnhancerFactory     : Hibernate is in classpath; If applicable, HQL parser will be used.
2025-05-01T14:04:32.829+07:00  WARN 10096 --- [           main] JpaBaseConfiguration$JpaWebConfiguration : spring.jpa.open-in-view is enabled by default. Therefore, database queries may be performed during view rendering. Explicitly configure spring.jpa.open-in-view to disable this warning
2025-05-01T14:04:33.354+07:00  INFO 10096 --- [           main] o.s.s.web.DefaultSecurityFilterChain     : Will secure any request with [org.springframework.security.web.session.DisableEncodeUrlFilter@286e2b71, org.springframework.security.web.context.request.async.WebAsyncManagerIntegrationFilter@6ad4d333, org.springframework.security.web.context.SecurityContextHolderFilter@614da024, org.springframework.security.web.header.HeaderWriterFilter@418f5f63, org.springframework.web.filter.CorsFilter@1b3fff29, org.springframework.security.web.authentication.logout.LogoutFilter@125c1134, com.cpl.jumpstart.config.JwtAuthFilter@11c95035, org.springframework.security.web.savedrequest.RequestCacheAwareFilter@442612a6, org.springframework.security.web.servletapi.SecurityContextHolderAwareRequestFilter@65314e4, org.springframework.security.web.authentication.AnonymousAuthenticationFilter@4f90b4c9, org.springframework.security.web.session.SessionManagementFilter@7bfa2d74, org.springframework.security.web.access.ExceptionTranslationFilter@1bab3926, org.springframework.security.web.access.intercept.FilterSecurityInterceptor@1b94df68]
2025-05-01T14:04:33.690+07:00  INFO 10096 --- [           main] c.c.jumpstart.JumpstartApplicationTests  : Started JumpstartApplicationTests in 5.705 seconds (process running for 6.481)
]]></system-out>
  </testcase>
</testsuite>